{"/Users/nikitapiliavets/Documents/projects/gamelandia-backend/test/utils/test-utils.ts": {"path":"/Users/nikitapiliavets/Documents/projects/gamelandia-backend/test/utils/test-utils.ts","statementMap":{"0":{"start":{"line":1,"column":0},"end":{"line":1,"column":39}},"1":{"start":{"line":2,"column":0},"end":{"line":2,"column":49}},"2":{"start":{"line":3,"column":0},"end":{"line":3,"column":48}},"3":{"start":{"line":4,"column":0},"end":{"line":4,"column":41}},"4":{"start":{"line":5,"column":0},"end":{"line":5,"column":64}},"5":{"start":{"line":6,"column":0},"end":{"line":6,"column":33}},"6":{"start":{"line":10,"column":29},"end":{"line":30,"column":1}},"7":{"start":{"line":11,"column":20},"end":{"line":13,"column":14}},"8":{"start":{"line":14,"column":14},"end":{"line":14,"column":47}},"9":{"start":{"line":15,"column":2},"end":{"line":19,"column":4}},"10":{"start":{"line":20,"column":2},"end":{"line":20,"column":26}},"11":{"start":{"line":21,"column":2},"end":{"line":21,"column":19}},"12":{"start":{"line":23,"column":2},"end":{"line":23,"column":25}},"13":{"start":{"line":25,"column":17},"end":{"line":25,"column":39}},"14":{"start":{"line":27,"column":2},"end":{"line":27,"column":25}},"15":{"start":{"line":28,"column":2},"end":{"line":28,"column":56}},"16":{"start":{"line":29,"column":2},"end":{"line":29,"column":13}},"17":{"start":{"line":10,"column":13},"end":{"line":10,"column":29}},"18":{"start":{"line":32,"column":28},"end":{"line":40,"column":1}},"19":{"start":{"line":33,"column":2},"end":{"line":39,"column":7}},"20":{"start":{"line":38,"column":6},"end":{"line":38,"column":38}},"21":{"start":{"line":32,"column":13},"end":{"line":32,"column":28}},"22":{"start":{"line":42,"column":25},"end":{"line":50,"column":1}},"23":{"start":{"line":43,"column":2},"end":{"line":49,"column":7}},"24":{"start":{"line":48,"column":6},"end":{"line":48,"column":38}},"25":{"start":{"line":42,"column":13},"end":{"line":42,"column":25}}},"fnMap":{"0":{"name":"(anonymous_7)","decl":{"start":{"line":10,"column":29},"end":{"line":10,"column":34}},"loc":{"start":{"line":10,"column":52},"end":{"line":30,"column":1}}},"1":{"name":"(anonymous_8)","decl":{"start":{"line":32,"column":28},"end":{"line":32,"column":33}},"loc":{"start":{"line":32,"column":57},"end":{"line":40,"column":1}}},"2":{"name":"(anonymous_9)","decl":{"start":{"line":37,"column":13},"end":{"line":37,"column":14}},"loc":{"start":{"line":37,"column":21},"end":{"line":39,"column":5}}},"3":{"name":"(anonymous_10)","decl":{"start":{"line":42,"column":25},"end":{"line":42,"column":30}},"loc":{"start":{"line":42,"column":53},"end":{"line":50,"column":1}}},"4":{"name":"(anonymous_11)","decl":{"start":{"line":47,"column":13},"end":{"line":47,"column":14}},"loc":{"start":{"line":47,"column":21},"end":{"line":49,"column":5}}}},"branchMap":{},"s":{"0":4,"1":4,"2":4,"3":4,"4":4,"5":4,"6":4,"7":4,"8":4,"9":4,"10":4,"11":4,"12":4,"13":4,"14":4,"15":4,"16":4,"17":4,"18":4,"19":4,"20":4,"21":4,"22":4,"23":6,"24":6,"25":4},"f":{"0":4,"1":4,"2":4,"3":6,"4":6},"b":{}}
}
