{"/Users/nikitapiliavets/Documents/projects/gamelandia-backend/test/utils/test-utils.ts": {"path":"/Users/nikitapiliavets/Documents/projects/gamelandia-backend/test/utils/test-utils.ts","statementMap":{"0":{"start":{"line":1,"column":0},"end":{"line":1,"column":39}},"1":{"start":{"line":2,"column":0},"end":{"line":2,"column":49}},"2":{"start":{"line":3,"column":0},"end":{"line":3,"column":48}},"3":{"start":{"line":4,"column":0},"end":{"line":4,"column":41}},"4":{"start":{"line":5,"column":0},"end":{"line":5,"column":64}},"5":{"start":{"line":6,"column":0},"end":{"line":6,"column":33}},"6":{"start":{"line":9,"column":29},"end":{"line":29,"column":1}},"7":{"start":{"line":10,"column":20},"end":{"line":12,"column":14}},"8":{"start":{"line":13,"column":14},"end":{"line":13,"column":47}},"9":{"start":{"line":14,"column":2},"end":{"line":18,"column":4}},"10":{"start":{"line":19,"column":2},"end":{"line":19,"column":26}},"11":{"start":{"line":20,"column":2},"end":{"line":20,"column":19}},"12":{"start":{"line":22,"column":2},"end":{"line":22,"column":25}},"13":{"start":{"line":24,"column":17},"end":{"line":24,"column":39}},"14":{"start":{"line":26,"column":2},"end":{"line":26,"column":25}},"15":{"start":{"line":27,"column":2},"end":{"line":27,"column":56}},"16":{"start":{"line":28,"column":2},"end":{"line":28,"column":13}},"17":{"start":{"line":9,"column":13},"end":{"line":9,"column":29}},"18":{"start":{"line":31,"column":28},"end":{"line":39,"column":1}},"19":{"start":{"line":32,"column":2},"end":{"line":38,"column":7}},"20":{"start":{"line":37,"column":6},"end":{"line":37,"column":38}},"21":{"start":{"line":31,"column":13},"end":{"line":31,"column":28}}},"fnMap":{"0":{"name":"(anonymous_7)","decl":{"start":{"line":9,"column":29},"end":{"line":9,"column":34}},"loc":{"start":{"line":9,"column":52},"end":{"line":29,"column":1}}},"1":{"name":"(anonymous_8)","decl":{"start":{"line":31,"column":28},"end":{"line":31,"column":33}},"loc":{"start":{"line":31,"column":57},"end":{"line":39,"column":1}}},"2":{"name":"(anonymous_9)","decl":{"start":{"line":36,"column":13},"end":{"line":36,"column":14}},"loc":{"start":{"line":36,"column":21},"end":{"line":38,"column":5}}}},"branchMap":{},"s":{"0":3,"1":3,"2":3,"3":3,"4":3,"5":3,"6":3,"7":3,"8":3,"9":3,"10":3,"11":3,"12":3,"13":3,"14":3,"15":3,"16":3,"17":3,"18":3,"19":3,"20":3,"21":3},"f":{"0":3,"1":3,"2":3},"b":{}}
}
