TN:
SF:test/utils/test-utils.ts
FN:10,(anonymous_7)
FN:32,(anonymous_8)
FN:37,(anonymous_9)
FN:42,(anonymous_10)
FN:47,(anonymous_11)
FN:52,(anonymous_12)
FN:59,(anonymous_13)
FNF:7
FNH:7
FNDA:4,(anonymous_7)
FNDA:4,(anonymous_8)
FNDA:4,(anonymous_9)
FNDA:9,(anonymous_10)
FNDA:9,(anonymous_11)
FNDA:9,(anonymous_12)
FNDA:9,(anonymous_13)
DA:1,4
DA:2,4
DA:3,4
DA:4,4
DA:5,4
DA:6,4
DA:10,4
DA:11,4
DA:14,4
DA:15,4
DA:20,4
DA:21,4
DA:23,4
DA:25,4
DA:27,4
DA:28,4
DA:29,4
DA:32,4
DA:33,4
DA:38,4
DA:42,4
DA:43,9
DA:48,9
DA:52,4
DA:53,9
DA:59,9
DA:61,9
LF:27
LH:27
BRF:0
BRH:0
end_of_record
